nohup: ignoring input
working on OSMID:271110
Found 238 tiles
Starting processing for ../data/clean_data/solar/271110/271110_p_93_2010_01_01_dsm.tif with OSMID: 271110
Files already exist. Skipping creation.
Starting processing for ../data/clean_data/solar/271110/271110_p_133_2010_01_01_dsm.tif with OSMID: 271110
Files already exist. Skipping creation.
Starting processing for ../data/clean_data/solar/271110/271110_p_141_2010_01_01_dsm.tif with OSMID: 271110
['../data/clean_data/chm/25DZ2_04.tif']
['../data/clean_data/chm/25DZ2_04.tif', '../data/clean_data/chm/25DZ2_05.tif']
['../data/clean_data/chm/25DZ2_04.tif', '../data/clean_data/chm/25DZ2_05.tif', '../data/clean_data/chm/25DN2_24.tif']
['../data/clean_data/chm/25DZ2_04.tif', '../data/clean_data/chm/25DZ2_05.tif', '../data/clean_data/chm/25DN2_24.tif', '../data/clean_data/chm/25DN2_25.tif']
Error processing ../data/clean_data/solar/271110/271110_p_141_2010_01_01_dsm.tif with OSMID: 271110: ../data/clean_data/chm/25DZ2_04.tif: No such file or directory
Starting processing for ../data/clean_data/solar/271110/271110_p_297_2022_06_02_dsm.tif with OSMID: 271110
['../data/clean_data/chm/25GN2_19.tif']
['../data/clean_data/chm/25GN2_19.tif', '../data/clean_data/chm/25GN2_20.tif']
['../data/clean_data/chm/25GN2_19.tif', '../data/clean_data/chm/25GN2_20.tif', '../data/clean_data/chm/25GN2_24.tif']
['../data/clean_data/chm/25GN2_19.tif', '../data/clean_data/chm/25GN2_20.tif', '../data/clean_data/chm/25GN2_24.tif', '../data/clean_data/chm/25GN2_25.tif']
Error processing ../data/clean_data/solar/271110/271110_p_297_2022_06_02_dsm.tif with OSMID: 271110: ../data/clean_data/chm/25GN2_19.tif: No such file or directory
Starting processing for ../data/clean_data/solar/271110/271110_p_99_2010_01_01_dsm.tif with OSMID: 271110
['../data/clean_data/chm/25DZ2_01.tif']
['../data/clean_data/chm/25DZ2_01.tif', '../data/clean_data/chm/25DZ2_02.tif']
['../data/clean_data/chm/25DZ2_01.tif', '../data/clean_data/chm/25DZ2_02.tif', '../data/clean_data/chm/25DN2_21.tif']
['../data/clean_data/chm/25DZ2_01.tif', '../data/clean_data/chm/25DZ2_02.tif', '../data/clean_data/chm/25DN2_21.tif', '../data/clean_data/chm/25DN2_22.tif']
Error processing ../data/clean_data/solar/271110/271110_p_99_2010_01_01_dsm.tif with OSMID: 271110: ../data/clean_data/chm/25DZ2_01.tif: No such file or directory
Starting processing for ../data/clean_data/solar/271110/271110_p_397_2022_06_02_dsm.tif with OSMID: 271110
Files already exist. Skipping creation.
Starting processing for ../data/clean_data/solar/271110/271110_p_393_2017_05_25_dsm.tif with OSMID: 271110
['../data/clean_data/chm/25GZ1_20.tif']
['../data/clean_data/chm/25GZ1_20.tif', '../data/clean_data/chm/25GZ2_16.tif']
Error processing ../data/clean_data/solar/271110/271110_p_393_2017_05_25_dsm.tif with OSMID: 271110: ../data/clean_data/chm/25GZ1_20.tif: No such file or directory
Starting processing for ../data/clean_data/solar/271110/271110_p_112_2017_05_25_dsm.tif with OSMID: 271110
Files already exist. Skipping creation.
Starting processing for ../data/clean_data/solar/271110/271110_p_137_2010_01_01_dsm.tif with OSMID: 271110
Files already exist. Skipping creation.
Starting processing for ../data/clean_data/solar/271110/271110_p_143_2010_01_01_dsm.tif with OSMID: 271110
Files already exist. Skipping creation.
Starting processing for ../data/clean_data/solar/271110/271110_p_145_2010_01_01_dsm.tif with OSMID: 271110
Files already exist. Skipping creation.
Starting processing for ../data/clean_data/solar/271110/271110_p_172_2017_05_25_dsm.tif with OSMID: 271110
Files already exist. Skipping creation.
Starting processing for ../data/clean_data/solar/271110/271110_p_199_2022_06_02_dsm.tif with OSMID: 271110
Files already exist. Skipping creation.
Starting processing for ../data/clean_data/solar/271110/271110_p_202_2022_06_02_dsm.tif with OSMID: 271110
Files already exist. Skipping creation.
Starting processing for ../data/clean_data/solar/271110/271110_p_205_2022_06_02_dsm.tif with OSMID: 271110
Files already exist. Skipping creation.
Starting processing for ../data/clean_data/solar/271110/271110_p_224_2022_06_02_dsm.tif with OSMID: 271110
['../data/clean_data/chm/25EZ1_04.tif']
['../data/clean_data/chm/25EZ1_04.tif', '../data/clean_data/chm/25EZ1_05.tif']
['../data/clean_data/chm/25EZ1_04.tif', '../data/clean_data/chm/25EZ1_05.tif', '../data/clean_data/chm/25EZ1_09.tif']
['../data/clean_data/chm/25EZ1_04.tif', '../data/clean_data/chm/25EZ1_05.tif', '../data/clean_data/chm/25EZ1_09.tif', '../data/clean_data/chm/25EZ1_10.tif']
Error processing ../data/clean_data/solar/271110/271110_p_224_2022_06_02_dsm.tif with OSMID: 271110: ../data/clean_data/chm/25EZ1_04.tif: No such file or directory
Starting processing for ../data/clean_data/solar/271110/271110_p_287_2022_06_02_dsm.tif with OSMID: 271110
Files already exist. Skipping creation.
Starting processing for ../data/clean_data/solar/271110/271110_p_288_2017_05_25_dsm.tif with OSMID: 271110
Files already exist. Skipping creation.
Starting processing for ../data/clean_data/solar/271110/271110_p_314_2017_05_25_dsm.tif with OSMID: 271110
['../data/clean_data/chm/25HN1_06.tif']
['../data/clean_data/chm/25HN1_06.tif', '../data/clean_data/chm/25HN1_11.tif']
['../data/clean_data/chm/25HN1_06.tif', '../data/clean_data/chm/25HN1_11.tif', '../data/clean_data/chm/25GN2_10.tif']
Error processing ../data/clean_data/solar/271110/271110_p_314_2017_05_25_dsm.tif with OSMID: 271110: ../data/clean_data/chm/25HN1_06.tif: No such file or directory
Starting processing for ../data/clean_data/solar/271110/271110_p_413_2022_06_02_dsm.tif with OSMID: 271110
['../data/clean_data/chm/25GN2_17.tif']
['../data/clean_data/chm/25GN2_17.tif', '../data/clean_data/chm/25GN2_18.tif']
['../data/clean_data/chm/25GN2_17.tif', '../data/clean_data/chm/25GN2_18.tif', '../data/clean_data/chm/25GN2_22.tif']
['../data/clean_data/chm/25GN2_17.tif', '../data/clean_data/chm/25GN2_18.tif', '../data/clean_data/chm/25GN2_22.tif', '../data/clean_data/chm/25GN2_23.tif']
Error processing ../data/clean_data/solar/271110/271110_p_413_2022_06_02_dsm.tif with OSMID: 271110: ../data/clean_data/chm/25GN2_17.tif: No such file or directory
Starting processing for ../data/clean_data/solar/271110/271110_p_412_2022_06_02_dsm.tif with OSMID: 271110
Files already exist. Skipping creation.
Starting processing for ../data/clean_data/solar/271110/271110_p_407_2022_06_02_dsm.tif with OSMID: 271110
['../data/clean_data/chm/25GZ2_17.tif']
['../data/clean_data/chm/25GZ2_17.tif', '../data/clean_data/chm/25GZ2_18.tif']
['../data/clean_data/chm/25GZ2_17.tif', '../data/clean_data/chm/25GZ2_18.tif', '../data/clean_data/chm/25GZ2_22.tif']
['../data/clean_data/chm/25GZ2_17.tif', '../data/clean_data/chm/25GZ2_18.tif', '../data/clean_data/chm/25GZ2_22.tif', '../data/clean_data/chm/25GZ2_23.tif']
Error processing ../data/clean_data/solar/271110/271110_p_407_2022_06_02_dsm.tif with OSMID: 271110: ../data/clean_data/chm/25GZ2_17.tif: No such file or directory
Starting processing for ../data/clean_data/solar/271110/271110_p_431_2022_06_02_dsm.tif with OSMID: 271110
['../data/clean_data/chm/25HZ1_06.tif']
['../data/clean_data/chm/25HZ1_06.tif', '../data/clean_data/chm/25GZ2_10.tif']
Error processing ../data/clean_data/solar/271110/271110_p_431_2022_06_02_dsm.tif with OSMID: 271110: ../data/clean_data/chm/25HZ1_06.tif: No such file or directory
Starting processing for ../data/clean_data/solar/271110/271110_p_107_2010_01_01_dsm.tif with OSMID: 271110
Files already exist. Skipping creation.
Starting processing for ../data/clean_data/solar/271110/271110_p_132_2010_01_01_dsm.tif with OSMID: 271110
Files already exist. Skipping creation.
Starting processing for ../data/clean_data/solar/271110/271110_p_182_2017_05_25_dsm.tif with OSMID: 271110
Files already exist. Skipping creation.
Starting processing for ../data/clean_data/solar/271110/271110_p_206_2022_06_02_dsm.tif with OSMID: 271110
Files already exist. Skipping creation.
Starting processing for ../data/clean_data/solar/271110/271110_p_234_2022_06_02_dsm.tif with OSMID: 271110
Files already exist. Skipping creation.
Starting processing for ../data/clean_data/solar/271110/271110_p_243_2022_06_02_dsm.tif with OSMID: 271110
Files already exist. Skipping creation.
Starting processing for ../data/clean_data/solar/271110/271110_p_253_2022_06_02_dsm.tif with OSMID: 271110
Files already exist. Skipping creation.
Starting processing for ../data/clean_data/solar/271110/271110_p_248_2022_06_02_dsm.tif with OSMID: 271110
Files already exist. Skipping creation.
Starting processing for ../data/clean_data/solar/271110/271110_p_273_2022_06_02_dsm.tif with OSMID: 271110
Files already exist. Skipping creation.
Starting processing for ../data/clean_data/solar/271110/271110_p_271_2022_06_02_dsm.tif with OSMID: 271110
Files already exist. Skipping creation.
Starting processing for ../data/clean_data/solar/271110/271110_p_337_2022_06_02_dsm.tif with OSMID: 271110
['../data/clean_data/chm/25HZ1_01.tif']
['../data/clean_data/chm/25HZ1_01.tif', '../data/clean_data/chm/25HZ1_02.tif']
['../data/clean_data/chm/25HZ1_01.tif', '../data/clean_data/chm/25HZ1_02.tif', '../data/clean_data/chm/25HN1_21.tif']
['../data/clean_data/chm/25HZ1_01.tif', '../data/clean_data/chm/25HZ1_02.tif', '../data/clean_data/chm/25HN1_21.tif', '../data/clean_data/chm/25HN1_22.tif']
['../data/clean_data/chm/25HZ1_01.tif', '../data/clean_data/chm/25HZ1_02.tif', '../data/clean_data/chm/25HN1_21.tif', '../data/clean_data/chm/25HN1_22.tif', '../data/clean_data/chm/25HN1_23.tif']
Error processing ../data/clean_data/solar/271110/271110_p_337_2022_06_02_dsm.tif with OSMID: 271110: ../data/clean_data/chm/25HZ1_01.tif: No such file or directory
Starting processing for ../data/clean_data/solar/271110/271110_p_311_2022_06_02_dsm.tif with OSMID: 271110
['../data/clean_data/chm/25HN1_16.tif']
['../data/clean_data/chm/25HN1_16.tif', '../data/clean_data/chm/25HN1_21.tif']
['../data/clean_data/chm/25HN1_16.tif', '../data/clean_data/chm/25HN1_21.tif', '../data/clean_data/chm/25GN2_20.tif']
['../data/clean_data/chm/25HN1_16.tif', '../data/clean_data/chm/25HN1_21.tif', '../data/clean_data/chm/25GN2_20.tif', '../data/clean_data/chm/25GN2_25.tif']
Error processing ../data/clean_data/solar/271110/271110_p_311_2022_06_02_dsm.tif with OSMID: 271110: ../data/clean_data/chm/25HN1_16.tif: No such file or directory
Starting processing for ../data/clean_data/solar/271110/271110_p_424_2022_06_02_dsm.tif with OSMID: 271110
Files already exist. Skipping creation.
Starting processing for ../data/clean_data/solar/271110/271110_p_425_2022_06_02_dsm.tif with OSMID: 271110
Files already exist. Skipping creation.
Starting processing for ../data/clean_data/solar/271110/271110_p_426_2022_06_02_dsm.tif with OSMID: 271110
Files already exist. Skipping creation.
Starting processing for ../data/clean_data/solar/271110/271110_p_427_2022_06_02_dsm.tif with OSMID: 271110
['../data/clean_data/chm/25GN2_19.tif']
['../data/clean_data/chm/25GN2_19.tif', '../data/clean_data/chm/25GN2_20.tif']
['../data/clean_data/chm/25GN2_19.tif', '../data/clean_data/chm/25GN2_20.tif', '../data/clean_data/chm/25GN2_24.tif']
['../data/clean_data/chm/25GN2_19.tif', '../data/clean_data/chm/25GN2_20.tif', '../data/clean_data/chm/25GN2_24.tif', '../data/clean_data/chm/25GN2_25.tif']
Error processing ../data/clean_data/solar/271110/271110_p_427_2022_06_02_dsm.tif with OSMID: 271110: ../data/clean_data/chm/25GN2_19.tif: No such file or directory
Starting processing for ../data/clean_data/solar/271110/271110_p_113_2010_01_01_dsm.tif with OSMID: 271110
['../data/clean_data/chm/25DZ2_02.tif']
['../data/clean_data/chm/25DZ2_02.tif', '../data/clean_data/chm/25DZ2_03.tif']
['../data/clean_data/chm/25DZ2_02.tif', '../data/clean_data/chm/25DZ2_03.tif', '../data/clean_data/chm/25DN2_22.tif']
['../data/clean_data/chm/25DZ2_02.tif', '../data/clean_data/chm/25DZ2_03.tif', '../data/clean_data/chm/25DN2_22.tif', '../data/clean_data/chm/25DN2_23.tif']
Error processing ../data/clean_data/solar/271110/271110_p_113_2010_01_01_dsm.tif with OSMID: 271110: ../data/clean_data/chm/25DZ2_02.tif: No such file or directory
Starting processing for ../data/clean_data/solar/271110/271110_p_395_2022_06_02_dsm.tif with OSMID: 271110
Files already exist. Skipping creation.
Starting processing for ../data/clean_data/solar/271110/271110_p_391_2022_06_02_dsm.tif with OSMID: 271110
Files already exist. Skipping creation.
Starting processing for ../data/clean_data/solar/271110/271110_p_351_2017_05_25_dsm.tif with OSMID: 271110
['../data/clean_data/chm/25HZ1_02.tif']
['../data/clean_data/chm/25HZ1_02.tif', '../data/clean_data/chm/25HZ1_03.tif']
['../data/clean_data/chm/25HZ1_02.tif', '../data/clean_data/chm/25HZ1_03.tif', '../data/clean_data/chm/25HN1_22.tif']
['../data/clean_data/chm/25HZ1_02.tif', '../data/clean_data/chm/25HZ1_03.tif', '../data/clean_data/chm/25HN1_22.tif', '../data/clean_data/chm/25HN1_23.tif']
Error processing ../data/clean_data/solar/271110/271110_p_351_2017_05_25_dsm.tif with OSMID: 271110: ../data/clean_data/chm/25HZ1_02.tif: No such file or directory
Starting processing for ../data/clean_data/solar/271110/271110_p_419_2022_06_02_dsm.tif with OSMID: 271110
Files already exist. Skipping creation.
Starting processing for ../data/clean_data/solar/271110/271110_p_434_2022_06_02_dsm.tif with OSMID: 271110
['../data/clean_data/chm/25HN1_16.tif']
['../data/clean_data/chm/25HN1_16.tif', '../data/clean_data/chm/25HN1_21.tif']
['../data/clean_data/chm/25HN1_16.tif', '../data/clean_data/chm/25HN1_21.tif', '../data/clean_data/chm/25GN2_20.tif']
['../data/clean_data/chm/25HN1_16.tif', '../data/clean_data/chm/25HN1_21.tif', '../data/clean_data/chm/25GN2_20.tif', '../data/clean_data/chm/25GN2_25.tif']
Error processing ../data/clean_data/solar/271110/271110_p_434_2022_06_02_dsm.tif with OSMID: 271110: ../data/clean_data/chm/25HN1_16.tif: No such file or directory
Starting processing for ../data/clean_data/solar/271110/271110_p_119_2010_01_01_dsm.tif with OSMID: 271110
Files already exist. Skipping creation.
Starting processing for ../data/clean_data/solar/271110/271110_p_127_2010_01_01_dsm.tif with OSMID: 271110
['../data/clean_data/chm/25DZ2_03.tif']
['../data/clean_data/chm/25DZ2_03.tif', '../data/clean_data/chm/25DZ2_04.tif']
['../data/clean_data/chm/25DZ2_03.tif', '../data/clean_data/chm/25DZ2_04.tif', '../data/clean_data/chm/25DN2_23.tif']
['../data/clean_data/chm/25DZ2_03.tif', '../data/clean_data/chm/25DZ2_04.tif', '../data/clean_data/chm/25DN2_23.tif', '../data/clean_data/chm/25DN2_24.tif']
Error processing ../data/clean_data/solar/271110/271110_p_127_2010_01_01_dsm.tif with OSMID: 271110: ../data/clean_data/chm/25DZ2_03.tif: No such file or directory
Starting processing for ../data/clean_data/solar/271110/271110_p_295_2022_06_02_dsm.tif with OSMID: 271110
Files already exist. Skipping creation.
Starting processing for ../data/clean_data/solar/271110/271110_p_296_2022_06_02_dsm.tif with OSMID: 271110
Files already exist. Skipping creation.
Starting processing for ../data/clean_data/solar/271110/271110_p_323_2022_06_02_dsm.tif with OSMID: 271110
['../data/clean_data/chm/25HZ1_01.tif']
['../data/clean_data/chm/25HZ1_01.tif', '../data/clean_data/chm/25HZ1_02.tif']
['../data/clean_data/chm/25HZ1_01.tif', '../data/clean_data/chm/25HZ1_02.tif', '../data/clean_data/chm/25HN1_21.tif']
['../data/clean_data/chm/25HZ1_01.tif', '../data/clean_data/chm/25HZ1_02.tif', '../data/clean_data/chm/25HN1_21.tif', '../data/clean_data/chm/25HN1_22.tif']
Error processing ../data/clean_data/solar/271110/271110_p_323_2022_06_02_dsm.tif with OSMID: 271110: ../data/clean_data/chm/25HZ1_01.tif: No such file or directory
Starting processing for ../data/clean_data/solar/271110/271110_p_404_2022_06_02_dsm.tif with OSMID: 271110
Files already exist. Skipping creation.
Starting processing for ../data/clean_data/solar/271110/271110_p_411_2022_06_02_dsm.tif with OSMID: 271110
Files already exist. Skipping creation.
Starting processing for ../data/clean_data/solar/271110/271110_p_405_2022_06_02_dsm.tif with OSMID: 271110
Files already exist. Skipping creation.
Starting processing for ../data/clean_data/solar/271110/271110_p_417_2022_06_02_dsm.tif with OSMID: 271110
Files already exist. Skipping creation.
Starting processing for ../data/clean_data/solar/271110/271110_p_406_2022_06_02_dsm.tif with OSMID: 271110
['../data/clean_data/chm/25GN2_17.tif']
['../data/clean_data/chm/25GN2_17.tif', '../data/clean_data/chm/25GN2_18.tif']
['../data/clean_data/chm/25GN2_17.tif', '../data/clean_data/chm/25GN2_18.tif', '../data/clean_data/chm/25GN2_22.tif']
['../data/clean_data/chm/25GN2_17.tif', '../data/clean_data/chm/25GN2_18.tif', '../data/clean_data/chm/25GN2_22.tif', '../data/clean_data/chm/25GN2_23.tif']
Error processing ../data/clean_data/solar/271110/271110_p_406_2022_06_02_dsm.tif with OSMID: 271110: ../data/clean_data/chm/25GN2_17.tif: No such file or directory
Starting processing for ../data/clean_data/solar/271110/271110_p_433_2022_06_02_dsm.tif with OSMID: 271110
['../data/clean_data/chm/25HZ1_01.tif']
['../data/clean_data/chm/25HZ1_01.tif', '../data/clean_data/chm/25HN1_21.tif']
['../data/clean_data/chm/25HZ1_01.tif', '../data/clean_data/chm/25HN1_21.tif', '../data/clean_data/chm/25GZ2_05.tif']
['../data/clean_data/chm/25HZ1_01.tif', '../data/clean_data/chm/25HN1_21.tif', '../data/clean_data/chm/25GZ2_05.tif', '../data/clean_data/chm/25GN2_25.tif']
Error processing ../data/clean_data/solar/271110/271110_p_433_2022_06_02_dsm.tif with OSMID: 271110: ../data/clean_data/chm/25HZ1_01.tif: No such file or directory
Starting processing for ../data/clean_data/solar/271110/271110_p_131_2010_01_01_dsm.tif with OSMID: 271110
Files already exist. Skipping creation.
Starting processing for ../data/clean_data/solar/271110/271110_p_169_2017_05_25_dsm.tif with OSMID: 271110
['../data/clean_data/chm/25GZ1_01.tif']
['../data/clean_data/chm/25GZ1_01.tif', '../data/clean_data/chm/25GZ1_02.tif']
['../data/clean_data/chm/25GZ1_01.tif', '../data/clean_data/chm/25GZ1_02.tif', '../data/clean_data/chm/25GN1_21.tif']
['../data/clean_data/chm/25GZ1_01.tif', '../data/clean_data/chm/25GZ1_02.tif', '../data/clean_data/chm/25GN1_21.tif', '../data/clean_data/chm/25GN1_22.tif']
Error processing ../data/clean_data/solar/271110/271110_p_169_2017_05_25_dsm.tif with OSMID: 271110: ../data/clean_data/chm/25GZ1_01.tif: No such file or directory
Starting processing for ../data/clean_data/solar/271110/271110_p_299_2022_06_02_dsm.tif with OSMID: 271110
Files already exist. Skipping creation.
Starting processing for ../data/clean_data/solar/271110/271110_p_300_2022_06_02_dsm.tif with OSMID: 271110
Files already exist. Skipping creation.
Starting processing for ../data/clean_data/solar/271110/271110_p_338_2017_05_25_dsm.tif with OSMID: 271110
['../data/clean_data/chm/25HN1_22.tif']
['../data/clean_data/chm/25HN1_22.tif', '../data/clean_data/chm/25HN1_23.tif']
Error processing ../data/clean_data/solar/271110/271110_p_338_2017_05_25_dsm.tif with OSMID: 271110: ../data/clean_data/chm/25HN1_22.tif: No such file or directory
Starting processing for ../data/clean_data/solar/271110/271110_p_98_2017_05_25_dsm.tif with OSMID: 271110
Files already exist. Skipping creation.
Starting processing for ../data/clean_data/solar/271110/271110_p_140_2017_05_25_dsm.tif with OSMID: 271110
['../data/clean_data/chm/25BZ2_03.tif']
['../data/clean_data/chm/25BZ2_03.tif', '../data/clean_data/chm/25BZ2_04.tif']
Error processing ../data/clean_data/solar/271110/271110_p_140_2017_05_25_dsm.tif with OSMID: 271110: ../data/clean_data/chm/25BZ2_04.tif: No such file or directory
Starting processing for ../data/clean_data/solar/271110/271110_p_162_2022_06_02_dsm.tif with OSMID: 271110
Files already exist. Skipping creation.
Starting processing for ../data/clean_data/solar/271110/271110_p_173_2017_05_25_dsm.tif with OSMID: 271110
Files already exist. Skipping creation.
Starting processing for ../data/clean_data/solar/271110/271110_p_195_2017_05_25_dsm.tif with OSMID: 271110
Files already exist. Skipping creation.
Starting processing for ../data/clean_data/solar/271110/271110_p_219_2022_06_02_dsm.tif with OSMID: 271110
Files already exist. Skipping creation.
Starting processing for ../data/clean_data/solar/271110/271110_p_239_2022_06_02_dsm.tif with OSMID: 271110
Files already exist. Skipping creation.
Starting processing for ../data/clean_data/solar/271110/271110_p_232_2022_06_02_dsm.tif with OSMID: 271110
Files already exist. Skipping creation.
Starting processing for ../data/clean_data/solar/271110/271110_p_259_2022_06_02_dsm.tif with OSMID: 271110
Files already exist. Skipping creation.
Starting processing for ../data/clean_data/solar/271110/271110_p_261_2022_06_02_dsm.tif with OSMID: 271110
Files already exist. Skipping creation.
Starting processing for ../data/clean_data/solar/271110/271110_p_263_2022_06_02_dsm.tif with OSMID: 271110
Files already exist. Skipping creation.
Starting processing for ../data/clean_data/solar/271110/271110_p_267_2022_06_02_dsm.tif with OSMID: 271110
Files already exist. Skipping creation.
Starting processing for ../data/clean_data/solar/271110/271110_p_283_2022_06_02_dsm.tif with OSMID: 271110
['../data/clean_data/chm/25GN2_18.tif']
['../data/clean_data/chm/25GN2_18.tif', '../data/clean_data/chm/25GN2_19.tif']
['../data/clean_data/chm/25GN2_18.tif', '../data/clean_data/chm/25GN2_19.tif', '../data/clean_data/chm/25GN2_23.tif']
['../data/clean_data/chm/25GN2_18.tif', '../data/clean_data/chm/25GN2_19.tif', '../data/clean_data/chm/25GN2_23.tif', '../data/clean_data/chm/25GN2_24.tif']
Error processing ../data/clean_data/solar/271110/271110_p_283_2022_06_02_dsm.tif with OSMID: 271110: ../data/clean_data/chm/25GN2_19.tif: No such file or directory
Starting processing for ../data/clean_data/solar/271110/271110_p_174_2022_06_02_dsm.tif with OSMID: 271110
Files already exist. Skipping creation.
Starting processing for ../data/clean_data/solar/271110/271110_p_196_2017_05_25_dsm.tif with OSMID: 271110
Files already exist. Skipping creation.
Starting processing for ../data/clean_data/solar/271110/271110_p_236_2022_06_02_dsm.tif with OSMID: 271110
Files already exist. Skipping creation.
Starting processing for ../data/clean_data/solar/271110/271110_p_242_2022_06_02_dsm.tif with OSMID: 271110
Files already exist. Skipping creation.
Starting processing for ../data/clean_data/solar/271110/271110_p_247_2022_06_02_dsm.tif with OSMID: 271110
Files already exist. Skipping creation.
Starting processing for ../data/clean_data/solar/271110/271110_p_260_2022_06_02_dsm.tif with OSMID: 271110
Files already exist. Skipping creation.
Starting processing for ../data/clean_data/solar/271110/271110_p_281_2022_06_02_dsm.tif with OSMID: 271110
Files already exist. Skipping creation.
Starting processing for ../data/clean_data/solar/271110/271110_p_282_2022_06_02_dsm.tif with OSMID: 271110
Files already exist. Skipping creation.
Starting processing for ../data/clean_data/solar/271110/271110_p_275_2017_05_25_dsm.tif with OSMID: 271110
Files already exist. Skipping creation.
Starting processing for ../data/clean_data/solar/271110/271110_p_276_2017_05_25_dsm.tif with OSMID: 271110
Files already exist. Skipping creation.
Starting processing for ../data/clean_data/solar/271110/271110_p_285_2022_06_02_dsm.tif with OSMID: 271110
Files already exist. Skipping creation.
Starting processing for ../data/clean_data/solar/271110/271110_p_286_2022_06_02_dsm.tif with OSMID: 271110
Files already exist. Skipping creation.
Starting processing for ../data/clean_data/solar/271110/271110_p_313_2022_06_02_dsm.tif with OSMID: 271110
['../data/clean_data/chm/25HN1_06.tif']
['../data/clean_data/chm/25HN1_06.tif', '../data/clean_data/chm/25HN1_11.tif']
['../data/clean_data/chm/25HN1_06.tif', '../data/clean_data/chm/25HN1_11.tif', '../data/clean_data/chm/25GN2_10.tif']
['../data/clean_data/chm/25HN1_06.tif', '../data/clean_data/chm/25HN1_11.tif', '../data/clean_data/chm/25GN2_10.tif', '../data/clean_data/chm/25GN2_15.tif']
Error processing ../data/clean_data/solar/271110/271110_p_313_2022_06_02_dsm.tif with OSMID: 271110: ../data/clean_data/chm/25HN1_06.tif: No such file or directory
Starting processing for ../data/clean_data/solar/271110/271110_p_396_2022_06_02_dsm.tif with OSMID: 271110
Files already exist. Skipping creation.
Starting processing for ../data/clean_data/solar/271110/271110_p_392_2022_06_02_dsm.tif with OSMID: 271110
Files already exist. Skipping creation.
Starting processing for ../data/clean_data/solar/271110/271110_p_384_2017_05_25_dsm.tif with OSMID: 271110
['../data/clean_data/chm/25GZ1_04.tif']
['../data/clean_data/chm/25GZ1_04.tif', '../data/clean_data/chm/25GZ1_05.tif']
['../data/clean_data/chm/25GZ1_04.tif', '../data/clean_data/chm/25GZ1_05.tif', '../data/clean_data/chm/25GN1_24.tif']
['../data/clean_data/chm/25GZ1_04.tif', '../data/clean_data/chm/25GZ1_05.tif', '../data/clean_data/chm/25GN1_24.tif', '../data/clean_data/chm/25GN1_25.tif']
Error processing ../data/clean_data/solar/271110/271110_p_384_2017_05_25_dsm.tif with OSMID: 271110: ../data/clean_data/chm/25GZ1_04.tif: No such file or directory
Starting processing for ../data/clean_data/solar/271110/271110_p_123_2010_01_01_dsm.tif with OSMID: 271110
Files already exist. Skipping creation.
Starting processing for ../data/clean_data/solar/271110/271110_p_177_2022_06_02_dsm.tif with OSMID: 271110
Files already exist. Skipping creation.
Starting processing for ../data/clean_data/solar/271110/271110_p_204_2022_06_02_dsm.tif with OSMID: 271110
Files already exist. Skipping creation.
Starting processing for ../data/clean_data/solar/271110/271110_p_209_2022_06_02_dsm.tif with OSMID: 271110
['../data/clean_data/chm/25EZ1_03.tif']
['../data/clean_data/chm/25EZ1_03.tif', '../data/clean_data/chm/25EZ1_04.tif']
['../data/clean_data/chm/25EZ1_03.tif', '../data/clean_data/chm/25EZ1_04.tif', '../data/clean_data/chm/25EZ1_08.tif']
['../data/clean_data/chm/25EZ1_03.tif', '../data/clean_data/chm/25EZ1_04.tif', '../data/clean_data/chm/25EZ1_08.tif', '../data/clean_data/chm/25EZ1_09.tif']
Error processing ../data/clean_data/solar/271110/271110_p_209_2022_06_02_dsm.tif with OSMID: 271110: ../data/clean_data/chm/25EZ1_04.tif: No such file or directory
Starting processing for ../data/clean_data/solar/271110/271110_p_117_2010_01_01_dsm.tif with OSMID: 271110
Files already exist. Skipping creation.
Starting processing for ../data/clean_data/solar/271110/271110_p_120_2010_01_01_dsm.tif with OSMID: 271110
Files already exist. Skipping creation.
Starting processing for ../data/clean_data/solar/271110/271110_p_150_2010_01_01_dsm.tif with OSMID: 271110
Files already exist. Skipping creation.
Starting processing for ../data/clean_data/solar/271110/271110_p_156_2017_05_25_dsm.tif with OSMID: 271110
Files already exist. Skipping creation.
Starting processing for ../data/clean_data/solar/271110/271110_p_214_2022_06_02_dsm.tif with OSMID: 271110
Files already exist. Skipping creation.
Starting processing for ../data/clean_data/solar/271110/271110_p_218_2022_06_02_dsm.tif with OSMID: 271110
Files already exist. Skipping creation.
Starting processing for ../data/clean_data/solar/271110/271110_p_223_2022_06_02_dsm.tif with OSMID: 271110
['../data/clean_data/chm/25EZ1_04.tif']
['../data/clean_data/chm/25EZ1_04.tif', '../data/clean_data/chm/25EZ1_05.tif']
['../data/clean_data/chm/25EZ1_04.tif', '../data/clean_data/chm/25EZ1_05.tif', '../data/clean_data/chm/25EZ1_09.tif']
['../data/clean_data/chm/25EZ1_04.tif', '../data/clean_data/chm/25EZ1_05.tif', '../data/clean_data/chm/25EZ1_09.tif', '../data/clean_data/chm/25EZ1_10.tif']
Error processing ../data/clean_data/solar/271110/271110_p_223_2022_06_02_dsm.tif with OSMID: 271110: ../data/clean_data/chm/25EZ1_04.tif: No such file or directory
Starting processing for ../data/clean_data/solar/271110/271110_p_309_2022_06_02_dsm.tif with OSMID: 271110
['../data/clean_data/chm/25HZ1_01.tif']
['../data/clean_data/chm/25HZ1_01.tif', '../data/clean_data/chm/25HN1_21.tif']
['../data/clean_data/chm/25HZ1_01.tif', '../data/clean_data/chm/25HN1_21.tif', '../data/clean_data/chm/25GZ2_05.tif']
['../data/clean_data/chm/25HZ1_01.tif', '../data/clean_data/chm/25HN1_21.tif', '../data/clean_data/chm/25GZ2_05.tif', '../data/clean_data/chm/25GN2_25.tif']
Error processing ../data/clean_data/solar/271110/271110_p_309_2022_06_02_dsm.tif with OSMID: 271110: ../data/clean_data/chm/25HZ1_01.tif: No such file or directory
Starting processing for ../data/clean_data/solar/271110/271110_p_400_2022_06_02_dsm.tif with OSMID: 271110
['../data/clean_data/chm/25GZ2_16.tif']
['../data/clean_data/chm/25GZ2_16.tif', '../data/clean_data/chm/25GZ2_17.tif']
['../data/clean_data/chm/25GZ2_16.tif', '../data/clean_data/chm/25GZ2_17.tif', '../data/clean_data/chm/25GZ2_22.tif']
Error processing ../data/clean_data/solar/271110/271110_p_400_2022_06_02_dsm.tif with OSMID: 271110: ../data/clean_data/chm/25GZ2_16.tif: No such file or directory
Starting processing for ../data/clean_data/solar/271110/271110_p_418_2022_06_02_dsm.tif with OSMID: 271110
Files already exist. Skipping creation.
Starting processing for ../data/clean_data/solar/271110/271110_p_408_2022_06_02_dsm.tif with OSMID: 271110
['../data/clean_data/chm/25GZ2_12.tif']
['../data/clean_data/chm/25GZ2_12.tif', '../data/clean_data/chm/25GZ2_13.tif']
['../data/clean_data/chm/25GZ2_12.tif', '../data/clean_data/chm/25GZ2_13.tif', '../data/clean_data/chm/25GZ2_17.tif']
['../data/clean_data/chm/25GZ2_12.tif', '../data/clean_data/chm/25GZ2_13.tif', '../data/clean_data/chm/25GZ2_17.tif', '../data/clean_data/chm/25GZ2_18.tif']
Error processing ../data/clean_data/solar/271110/271110_p_408_2022_06_02_dsm.tif with OSMID: 271110: ../data/clean_data/chm/25GZ2_13.tif: No such file or directory
Starting processing for ../data/clean_data/solar/271110/271110_p_122_2010_01_01_dsm.tif with OSMID: 271110
Files already exist. Skipping creation.
Starting processing for ../data/clean_data/solar/271110/271110_p_158_2017_05_25_dsm.tif with OSMID: 271110
Files already exist. Skipping creation.
Starting processing for ../data/clean_data/solar/271110/271110_p_185_2017_05_25_dsm.tif with OSMID: 271110
Files already exist. Skipping creation.
Starting processing for ../data/clean_data/solar/271110/271110_p_208_2022_06_02_dsm.tif with OSMID: 271110
Files already exist. Skipping creation.
Starting processing for ../data/clean_data/solar/271110/271110_p_213_2022_06_02_dsm.tif with OSMID: 271110
Files already exist. Skipping creation.
Starting processing for ../data/clean_data/solar/271110/271110_p_230_2022_06_02_dsm.tif with OSMID: 271110
Files already exist. Skipping creation.
Starting processing for ../data/clean_data/solar/271110/271110_p_258_2022_06_02_dsm.tif with OSMID: 271110
Files already exist. Skipping creation.
Starting processing for ../data/clean_data/solar/271110/271110_p_255_2022_06_02_dsm.tif with OSMID: 271110
['../data/clean_data/chm/25GN2_16.tif']
['../data/clean_data/chm/25GN2_16.tif', '../data/clean_data/chm/25GN2_17.tif']
['../data/clean_data/chm/25GN2_16.tif', '../data/clean_data/chm/25GN2_17.tif', '../data/clean_data/chm/25GN2_21.tif']
['../data/clean_data/chm/25GN2_16.tif', '../data/clean_data/chm/25GN2_17.tif', '../data/clean_data/chm/25GN2_21.tif', '../data/clean_data/chm/25GN2_22.tif']
Error processing ../data/clean_data/solar/271110/271110_p_255_2022_06_02_dsm.tif with OSMID: 271110: ../data/clean_data/chm/25GN2_17.tif: No such file or directory
Starting processing for ../data/clean_data/solar/271110/271110_p_116_2010_01_01_dsm.tif with OSMID: 271110
Files already exist. Skipping creation.
Starting processing for ../data/clean_data/solar/271110/271110_p_228_2022_06_02_dsm.tif with OSMID: 271110
Files already exist. Skipping creation.
Starting processing for ../data/clean_data/solar/271110/271110_p_244_2022_06_02_dsm.tif with OSMID: 271110
Files already exist. Skipping creation.
Starting processing for ../data/clean_data/solar/271110/271110_p_254_2022_06_02_dsm.tif with OSMID: 271110
['../data/clean_data/chm/25GN2_16.tif']
['../data/clean_data/chm/25GN2_16.tif', '../data/clean_data/chm/25GN2_17.tif']
['../data/clean_data/chm/25GN2_16.tif', '../data/clean_data/chm/25GN2_17.tif', '../data/clean_data/chm/25GN2_21.tif']
['../data/clean_data/chm/25GN2_16.tif', '../data/clean_data/chm/25GN2_17.tif', '../data/clean_data/chm/25GN2_21.tif', '../data/clean_data/chm/25GN2_22.tif']
Error processing ../data/clean_data/solar/271110/271110_p_254_2022_06_02_dsm.tif with OSMID: 271110: ../data/clean_data/chm/25GN2_17.tif: No such file or directory
Starting processing for ../data/clean_data/solar/271110/271110_p_130_2010_01_01_dsm.tif with OSMID: 271110
Files already exist. Skipping creation.
Starting processing for ../data/clean_data/solar/271110/271110_p_165_2017_05_25_dsm.tif with OSMID: 271110
Files already exist. Skipping creation.
Starting processing for ../data/clean_data/solar/271110/271110_p_171_2017_05_25_dsm.tif with OSMID: 271110
Files already exist. Skipping creation.
Starting processing for ../data/clean_data/solar/271110/271110_p_193_2017_05_25_dsm.tif with OSMID: 271110
Files already exist. Skipping creation.
Starting processing for ../data/clean_data/solar/271110/271110_p_211_2010_01_01_dsm.tif with OSMID: 271110
['../data/clean_data/chm/25GZ1_03.tif']
['../data/clean_data/chm/25GZ1_03.tif', '../data/clean_data/chm/25GZ1_04.tif']
['../data/clean_data/chm/25GZ1_03.tif', '../data/clean_data/chm/25GZ1_04.tif', '../data/clean_data/chm/25GN1_23.tif']
['../data/clean_data/chm/25GZ1_03.tif', '../data/clean_data/chm/25GZ1_04.tif', '../data/clean_data/chm/25GN1_23.tif', '../data/clean_data/chm/25GN1_24.tif']
Error processing ../data/clean_data/solar/271110/271110_p_211_2010_01_01_dsm.tif with OSMID: 271110: ../data/clean_data/chm/25GZ1_03.tif: No such file or directory
Starting processing for ../data/clean_data/solar/271110/271110_p_310_2022_06_02_dsm.tif with OSMID: 271110
['../data/clean_data/chm/25HN1_21.tif']
['../data/clean_data/chm/25HN1_21.tif', '../data/clean_data/chm/25GN2_25.tif']
Error processing ../data/clean_data/solar/271110/271110_p_310_2022_06_02_dsm.tif with OSMID: 271110: ../data/clean_data/chm/25HN1_21.tif: No such file or directory
Starting processing for ../data/clean_data/solar/271110/271110_p_432_2022_06_02_dsm.tif with OSMID: 271110
['../data/clean_data/chm/25HZ1_01.tif']
['../data/clean_data/chm/25HZ1_01.tif', '../data/clean_data/chm/25HZ1_06.tif']
['../data/clean_data/chm/25HZ1_01.tif', '../data/clean_data/chm/25HZ1_06.tif', '../data/clean_data/chm/25GZ2_05.tif']
['../data/clean_data/chm/25HZ1_01.tif', '../data/clean_data/chm/25HZ1_06.tif', '../data/clean_data/chm/25GZ2_05.tif', '../data/clean_data/chm/25GZ2_10.tif']
Error processing ../data/clean_data/solar/271110/271110_p_432_2022_06_02_dsm.tif with OSMID: 271110: ../data/clean_data/chm/25HZ1_01.tif: No such file or directory
Starting processing for ../data/clean_data/solar/271110/271110_p_103_2010_01_01_dsm.tif with OSMID: 271110
Files already exist. Skipping creation.
Starting processing for ../data/clean_data/solar/271110/271110_p_148_2022_06_02_dsm.tif with OSMID: 271110
Files already exist. Skipping creation.
Starting processing for ../data/clean_data/solar/271110/271110_p_155_2017_05_25_dsm.tif with OSMID: 271110
['../data/clean_data/chm/25GZ1_01.tif']
['../data/clean_data/chm/25GZ1_01.tif', '../data/clean_data/chm/25GN1_21.tif']
['../data/clean_data/chm/25GZ1_01.tif', '../data/clean_data/chm/25GN1_21.tif', '../data/clean_data/chm/25DZ2_05.tif']
['../data/clean_data/chm/25GZ1_01.tif', '../data/clean_data/chm/25GN1_21.tif', '../data/clean_data/chm/25DZ2_05.tif', '../data/clean_data/chm/25DN2_25.tif']
Error processing ../data/clean_data/solar/271110/271110_p_155_2017_05_25_dsm.tif with OSMID: 271110: ../data/clean_data/chm/25GZ1_01.tif: No such file or directory
Starting processing for ../data/clean_data/solar/271110/271110_p_383_2010_01_01_dsm.tif with OSMID: 271110
['../data/clean_data/chm/25GZ1_04.tif']
['../data/clean_data/chm/25GZ1_04.tif', '../data/clean_data/chm/25GZ1_05.tif']
['../data/clean_data/chm/25GZ1_04.tif', '../data/clean_data/chm/25GZ1_05.tif', '../data/clean_data/chm/25GZ1_09.tif']
['../data/clean_data/chm/25GZ1_04.tif', '../data/clean_data/chm/25GZ1_05.tif', '../data/clean_data/chm/25GZ1_09.tif', '../data/clean_data/chm/25GZ1_10.tif']
Error processing ../data/clean_data/solar/271110/271110_p_383_2010_01_01_dsm.tif with OSMID: 271110: ../data/clean_data/chm/25GZ1_04.tif: No such file or directory
Starting processing for ../data/clean_data/solar/271110/271110_p_415_2017_05_25_dsm.tif with OSMID: 271110
['../data/clean_data/chm/25GZ2_13.tif']
['../data/clean_data/chm/25GZ2_13.tif', '../data/clean_data/chm/25GZ2_14.tif']
['../data/clean_data/chm/25GZ2_13.tif', '../data/clean_data/chm/25GZ2_14.tif', '../data/clean_data/chm/25GZ2_18.tif']
['../data/clean_data/chm/25GZ2_13.tif', '../data/clean_data/chm/25GZ2_14.tif', '../data/clean_data/chm/25GZ2_18.tif', '../data/clean_data/chm/25GZ2_19.tif']
Error processing ../data/clean_data/solar/271110/271110_p_415_2017_05_25_dsm.tif with OSMID: 271110: ../data/clean_data/chm/25GZ2_13.tif: No such file or directory
Starting processing for ../data/clean_data/solar/271110/271110_p_420_2022_06_02_dsm.tif with OSMID: 271110
['../data/clean_data/chm/25GN2_18.tif']
['../data/clean_data/chm/25GN2_18.tif', '../data/clean_data/chm/25GN2_19.tif']
['../data/clean_data/chm/25GN2_18.tif', '../data/clean_data/chm/25GN2_19.tif', '../data/clean_data/chm/25GN2_23.tif']
['../data/clean_data/chm/25GN2_18.tif', '../data/clean_data/chm/25GN2_19.tif', '../data/clean_data/chm/25GN2_23.tif', '../data/clean_data/chm/25GN2_24.tif']
Error processing ../data/clean_data/solar/271110/271110_p_420_2022_06_02_dsm.tif with OSMID: 271110: ../data/clean_data/chm/25GN2_19.tif: No such file or directory
Starting processing for ../data/clean_data/solar/271110/271110_p_114_2010_01_01_dsm.tif with OSMID: 271110
Files already exist. Skipping creation.
Starting processing for ../data/clean_data/solar/271110/271110_p_102_2010_01_01_dsm.tif with OSMID: 271110
Files already exist. Skipping creation.
Starting processing for ../data/clean_data/solar/271110/271110_p_144_2010_01_01_dsm.tif with OSMID: 271110
Files already exist. Skipping creation.
Starting processing for ../data/clean_data/solar/271110/271110_p_147_2022_06_02_dsm.tif with OSMID: 271110
Files already exist. Skipping creation.
Starting processing for ../data/clean_data/solar/271110/271110_p_149_2010_01_01_dsm.tif with OSMID: 271110
Files already exist. Skipping creation.
Starting processing for ../data/clean_data/solar/271110/271110_p_151_2010_01_01_dsm.tif with OSMID: 271110
Files already exist. Skipping creation.
Starting processing for ../data/clean_data/solar/271110/271110_p_175_2022_06_02_dsm.tif with OSMID: 271110
Files already exist. Skipping creation.
Starting processing for ../data/clean_data/solar/271110/271110_p_178_2017_05_25_dsm.tif with OSMID: 271110
Files already exist. Skipping creation.
Starting processing for ../data/clean_data/solar/271110/271110_p_181_2017_05_25_dsm.tif with OSMID: 271110
Files already exist. Skipping creation.
Starting processing for ../data/clean_data/solar/271110/271110_p_217_2022_06_02_dsm.tif with OSMID: 271110
Files already exist. Skipping creation.
Starting processing for ../data/clean_data/solar/271110/271110_p_240_2022_06_02_dsm.tif with OSMID: 271110
Files already exist. Skipping creation.
Starting processing for ../data/clean_data/solar/271110/271110_p_246_2022_06_02_dsm.tif with OSMID: 271110
Files already exist. Skipping creation.
Starting processing for ../data/clean_data/solar/271110/271110_p_262_2022_06_02_dsm.tif with OSMID: 271110
Files already exist. Skipping creation.
Starting processing for ../data/clean_data/solar/271110/271110_p_269_2022_06_02_dsm.tif with OSMID: 271110
['../data/clean_data/chm/25GN2_17.tif']
['../data/clean_data/chm/25GN2_17.tif', '../data/clean_data/chm/25GN2_18.tif']
['../data/clean_data/chm/25GN2_17.tif', '../data/clean_data/chm/25GN2_18.tif', '../data/clean_data/chm/25GN2_22.tif']
['../data/clean_data/chm/25GN2_17.tif', '../data/clean_data/chm/25GN2_18.tif', '../data/clean_data/chm/25GN2_22.tif', '../data/clean_data/chm/25GN2_23.tif']
Error processing ../data/clean_data/solar/271110/271110_p_269_2022_06_02_dsm.tif with OSMID: 271110: ../data/clean_data/chm/25GN2_17.tif: No such file or directory
Starting processing for ../data/clean_data/solar/271110/271110_p_389_2022_06_02_dsm.tif with OSMID: 271110
Files already exist. Skipping creation.
Starting processing for ../data/clean_data/solar/271110/271110_p_390_2022_06_02_dsm.tif with OSMID: 271110
Files already exist. Skipping creation.
Starting processing for ../data/clean_data/solar/271110/271110_p_399_2022_06_02_dsm.tif with OSMID: 271110
['../data/clean_data/chm/25GN2_16.tif']
['../data/clean_data/chm/25GN2_16.tif', '../data/clean_data/chm/25GN2_17.tif']
['../data/clean_data/chm/25GN2_16.tif', '../data/clean_data/chm/25GN2_17.tif', '../data/clean_data/chm/25GN2_21.tif']
['../data/clean_data/chm/25GN2_16.tif', '../data/clean_data/chm/25GN2_17.tif', '../data/clean_data/chm/25GN2_21.tif', '../data/clean_data/chm/25GN2_22.tif']
Error processing ../data/clean_data/solar/271110/271110_p_399_2022_06_02_dsm.tif with OSMID: 271110: ../data/clean_data/chm/25GN2_17.tif: No such file or directory
Starting processing for ../data/clean_data/solar/271110/271110_p_106_2010_01_01_dsm.tif with OSMID: 271110
Files already exist. Skipping creation.
Starting processing for ../data/clean_data/solar/271110/271110_p_237_2022_06_02_dsm.tif with OSMID: 271110
['../data/clean_data/chm/25EZ1_05.tif']
['../data/clean_data/chm/25EZ1_05.tif', '../data/clean_data/chm/25EZ1_10.tif']
['../data/clean_data/chm/25EZ1_05.tif', '../data/clean_data/chm/25EZ1_10.tif', '../data/clean_data/chm/25EZ2_06.tif']
Error processing ../data/clean_data/solar/271110/271110_p_237_2022_06_02_dsm.tif with OSMID: 271110: ../data/clean_data/chm/25EZ1_05.tif: No such file or directory
Starting processing for ../data/clean_data/solar/271110/271110_p_387_2017_05_25_dsm.tif with OSMID: 271110
['../data/clean_data/chm/25GZ1_15.tif']
['../data/clean_data/chm/25GZ1_15.tif', '../data/clean_data/chm/25GZ1_20.tif']
['../data/clean_data/chm/25GZ1_15.tif', '../data/clean_data/chm/25GZ1_20.tif', '../data/clean_data/chm/25GZ2_11.tif']
['../data/clean_data/chm/25GZ1_15.tif', '../data/clean_data/chm/25GZ1_20.tif', '../data/clean_data/chm/25GZ2_11.tif', '../data/clean_data/chm/25GZ2_16.tif']
Error processing ../data/clean_data/solar/271110/271110_p_387_2017_05_25_dsm.tif with OSMID: 271110: ../data/clean_data/chm/25GZ1_20.tif: No such file or directory
Starting processing for ../data/clean_data/solar/271110/271110_p_118_2010_01_01_dsm.tif with OSMID: 271110
Files already exist. Skipping creation.
Starting processing for ../data/clean_data/solar/271110/271110_p_154_2017_05_25_dsm.tif with OSMID: 271110
['../data/clean_data/chm/25BZ2_04.tif']
['../data/clean_data/chm/25BZ2_04.tif', '../data/clean_data/chm/25BZ2_05.tif']
Error processing ../data/clean_data/solar/271110/271110_p_154_2017_05_25_dsm.tif with OSMID: 271110: ../data/clean_data/chm/25BZ2_04.tif: No such file or directory
Starting processing for ../data/clean_data/solar/271110/271110_p_388_2022_06_02_dsm.tif with OSMID: 271110
Files already exist. Skipping creation.
Starting processing for ../data/clean_data/solar/271110/271110_p_398_2022_06_02_dsm.tif with OSMID: 271110
Files already exist. Skipping creation.
Starting processing for ../data/clean_data/solar/271110/271110_p_394_2022_06_02_dsm.tif with OSMID: 271110
['../data/clean_data/chm/25GZ1_15.tif']
['../data/clean_data/chm/25GZ1_15.tif', '../data/clean_data/chm/25GZ1_20.tif']
['../data/clean_data/chm/25GZ1_15.tif', '../data/clean_data/chm/25GZ1_20.tif', '../data/clean_data/chm/25GZ2_11.tif']
['../data/clean_data/chm/25GZ1_15.tif', '../data/clean_data/chm/25GZ1_20.tif', '../data/clean_data/chm/25GZ2_11.tif', '../data/clean_data/chm/25GZ2_12.tif']
['../data/clean_data/chm/25GZ1_15.tif', '../data/clean_data/chm/25GZ1_20.tif', '../data/clean_data/chm/25GZ2_11.tif', '../data/clean_data/chm/25GZ2_12.tif', '../data/clean_data/chm/25GZ2_16.tif']
Error processing ../data/clean_data/solar/271110/271110_p_394_2022_06_02_dsm.tif with OSMID: 271110: ../data/clean_data/chm/25GZ1_20.tif: No such file or directory
Starting processing for ../data/clean_data/solar/271110/271110_p_129_2010_01_01_dsm.tif with OSMID: 271110
Files already exist. Skipping creation.
Starting processing for ../data/clean_data/solar/271110/271110_p_134_2010_01_01_dsm.tif with OSMID: 271110
Files already exist. Skipping creation.
Starting processing for ../data/clean_data/solar/271110/271110_p_136_2010_01_01_dsm.tif with OSMID: 271110
Files already exist. Skipping creation.
Starting processing for ../data/clean_data/solar/271110/271110_p_164_2017_05_25_dsm.tif with OSMID: 271110
Files already exist. Skipping creation.
Starting processing for ../data/clean_data/solar/271110/271110_p_188_2022_06_02_dsm.tif with OSMID: 271110
Files already exist. Skipping creation.
Starting processing for ../data/clean_data/solar/271110/271110_p_210_2022_06_02_dsm.tif with OSMID: 271110
['../data/clean_data/chm/25EZ1_03.tif']
['../data/clean_data/chm/25EZ1_03.tif', '../data/clean_data/chm/25EZ1_04.tif']
['../data/clean_data/chm/25EZ1_03.tif', '../data/clean_data/chm/25EZ1_04.tif', '../data/clean_data/chm/25EZ1_08.tif']
['../data/clean_data/chm/25EZ1_03.tif', '../data/clean_data/chm/25EZ1_04.tif', '../data/clean_data/chm/25EZ1_08.tif', '../data/clean_data/chm/25EZ1_09.tif']
Error processing ../data/clean_data/solar/271110/271110_p_210_2022_06_02_dsm.tif with OSMID: 271110: ../data/clean_data/chm/25EZ1_04.tif: No such file or directory
Starting processing for ../data/clean_data/solar/271110/271110_p_100_2010_01_01_dsm.tif with OSMID: 271110
Files already exist. Skipping creation.
Starting processing for ../data/clean_data/solar/271110/271110_p_166_2017_05_25_dsm.tif with OSMID: 271110
Files already exist. Skipping creation.
Starting processing for ../data/clean_data/solar/271110/271110_p_191_2022_06_02_dsm.tif with OSMID: 271110
Files already exist. Skipping creation.
Starting processing for ../data/clean_data/solar/271110/271110_p_216_2022_06_02_dsm.tif with OSMID: 271110
Files already exist. Skipping creation.
Starting processing for ../data/clean_data/solar/271110/271110_p_222_2022_06_02_dsm.tif with OSMID: 271110
Files already exist. Skipping creation.
Starting processing for ../data/clean_data/solar/271110/271110_p_226_2022_06_02_dsm.tif with OSMID: 271110
['../data/clean_data/chm/25GN1_19.tif']
['../data/clean_data/chm/25GN1_19.tif', '../data/clean_data/chm/25GN1_20.tif']
['../data/clean_data/chm/25GN1_19.tif', '../data/clean_data/chm/25GN1_20.tif', '../data/clean_data/chm/25GN1_24.tif']
['../data/clean_data/chm/25GN1_19.tif', '../data/clean_data/chm/25GN1_20.tif', '../data/clean_data/chm/25GN1_24.tif', '../data/clean_data/chm/25GN1_25.tif']
Error processing ../data/clean_data/solar/271110/271110_p_226_2022_06_02_dsm.tif with OSMID: 271110: ../data/clean_data/chm/25GN1_24.tif: No such file or directory
Starting processing for ../data/clean_data/solar/271110/271110_p_157_2017_05_25_dsm.tif with OSMID: 271110
Files already exist. Skipping creation.
Starting processing for ../data/clean_data/solar/271110/271110_p_231_2022_06_02_dsm.tif with OSMID: 271110
Files already exist. Skipping creation.
Starting processing for ../data/clean_data/solar/271110/271110_p_238_2017_05_25_dsm.tif with OSMID: 271110
['../data/clean_data/chm/25EZ1_05.tif']
['../data/clean_data/chm/25EZ1_05.tif', '../data/clean_data/chm/25EZ1_10.tif']
['../data/clean_data/chm/25EZ1_05.tif', '../data/clean_data/chm/25EZ1_10.tif', '../data/clean_data/chm/25EZ2_01.tif']
['../data/clean_data/chm/25EZ1_05.tif', '../data/clean_data/chm/25EZ1_10.tif', '../data/clean_data/chm/25EZ2_01.tif', '../data/clean_data/chm/25EZ2_06.tif']
Error processing ../data/clean_data/solar/271110/271110_p_238_2017_05_25_dsm.tif with OSMID: 271110: ../data/clean_data/chm/25EZ1_05.tif: No such file or directory
Starting processing for ../data/clean_data/solar/271110/271110_p_385_2022_06_02_dsm.tif with OSMID: 271110
['../data/clean_data/chm/25GN1_19.tif']
['../data/clean_data/chm/25GN1_19.tif', '../data/clean_data/chm/25GN1_20.tif']
['../data/clean_data/chm/25GN1_19.tif', '../data/clean_data/chm/25GN1_20.tif', '../data/clean_data/chm/25GN1_24.tif']
['../data/clean_data/chm/25GN1_19.tif', '../data/clean_data/chm/25GN1_20.tif', '../data/clean_data/chm/25GN1_24.tif', '../data/clean_data/chm/25GN1_25.tif']
Error processing ../data/clean_data/solar/271110/271110_p_385_2022_06_02_dsm.tif with OSMID: 271110: ../data/clean_data/chm/25GN1_24.tif: No such file or directory
Starting processing for ../data/clean_data/solar/271110/271110_p_121_2010_01_01_dsm.tif with OSMID: 271110
Files already exist. Skipping creation.
Starting processing for ../data/clean_data/solar/271110/271110_p_176_2022_06_02_dsm.tif with OSMID: 271110
Files already exist. Skipping creation.
Starting processing for ../data/clean_data/solar/271110/271110_p_180_2017_05_25_dsm.tif with OSMID: 271110
Files already exist. Skipping creation.
Starting processing for ../data/clean_data/solar/271110/271110_p_184_2017_05_25_dsm.tif with OSMID: 271110
Files already exist. Skipping creation.
Starting processing for ../data/clean_data/solar/271110/271110_p_203_2022_06_02_dsm.tif with OSMID: 271110
Files already exist. Skipping creation.
Starting processing for ../data/clean_data/solar/271110/271110_p_207_2022_06_02_dsm.tif with OSMID: 271110
Files already exist. Skipping creation.
Starting processing for ../data/clean_data/solar/271110/271110_p_227_2022_06_02_dsm.tif with OSMID: 271110
['../data/clean_data/chm/25GN1_19.tif']
['../data/clean_data/chm/25GN1_19.tif', '../data/clean_data/chm/25GN1_20.tif']
['../data/clean_data/chm/25GN1_19.tif', '../data/clean_data/chm/25GN1_20.tif', '../data/clean_data/chm/25GN1_24.tif']
['../data/clean_data/chm/25GN1_19.tif', '../data/clean_data/chm/25GN1_20.tif', '../data/clean_data/chm/25GN1_24.tif', '../data/clean_data/chm/25GN1_25.tif']
Error processing ../data/clean_data/solar/271110/271110_p_227_2022_06_02_dsm.tif with OSMID: 271110: ../data/clean_data/chm/25GN1_24.tif: No such file or directory
Starting processing for ../data/clean_data/solar/271110/271110_p_126_2017_05_25_dsm.tif with OSMID: 271110
Files already exist. Skipping creation.
Starting processing for ../data/clean_data/solar/271110/271110_p_159_2017_05_25_dsm.tif with OSMID: 271110
Files already exist. Skipping creation.
Starting processing for ../data/clean_data/solar/271110/271110_p_161_2022_06_02_dsm.tif with OSMID: 271110
Files already exist. Skipping creation.
Starting processing for ../data/clean_data/solar/271110/271110_p_215_2022_06_02_dsm.tif with OSMID: 271110
Files already exist. Skipping creation.
Starting processing for ../data/clean_data/solar/271110/271110_p_221_2022_06_02_dsm.tif with OSMID: 271110
Files already exist. Skipping creation.
Starting processing for ../data/clean_data/solar/271110/271110_p_225_2017_05_25_dsm.tif with OSMID: 271110
['../data/clean_data/chm/25GZ1_04.tif']
['../data/clean_data/chm/25GZ1_04.tif', '../data/clean_data/chm/25GZ1_05.tif']
['../data/clean_data/chm/25GZ1_04.tif', '../data/clean_data/chm/25GZ1_05.tif', '../data/clean_data/chm/25GN1_24.tif']
['../data/clean_data/chm/25GZ1_04.tif', '../data/clean_data/chm/25GZ1_05.tif', '../data/clean_data/chm/25GN1_24.tif', '../data/clean_data/chm/25GN1_25.tif']
Error processing ../data/clean_data/solar/271110/271110_p_225_2017_05_25_dsm.tif with OSMID: 271110: ../data/clean_data/chm/25GZ1_04.tif: No such file or directory
Starting processing for ../data/clean_data/solar/271110/271110_p_298_2022_06_02_dsm.tif with OSMID: 271110
['../data/clean_data/chm/25GN2_14.tif']
['../data/clean_data/chm/25GN2_14.tif', '../data/clean_data/chm/25GN2_15.tif']
['../data/clean_data/chm/25GN2_14.tif', '../data/clean_data/chm/25GN2_15.tif', '../data/clean_data/chm/25GN2_19.tif']
['../data/clean_data/chm/25GN2_14.tif', '../data/clean_data/chm/25GN2_15.tif', '../data/clean_data/chm/25GN2_19.tif', '../data/clean_data/chm/25GN2_20.tif']
Error processing ../data/clean_data/solar/271110/271110_p_298_2022_06_02_dsm.tif with OSMID: 271110: ../data/clean_data/chm/25GN2_19.tif: No such file or directory
Starting processing for ../data/clean_data/solar/271110/271110_p_101_2010_01_01_dsm.tif with OSMID: 271110
Files already exist. Skipping creation.
Starting processing for ../data/clean_data/solar/271110/271110_p_146_2010_01_01_dsm.tif with OSMID: 271110
Files already exist. Skipping creation.
Starting processing for ../data/clean_data/solar/271110/271110_p_201_2022_06_02_dsm.tif with OSMID: 271110
Files already exist. Skipping creation.
Starting processing for ../data/clean_data/solar/271110/271110_p_212_2017_05_25_dsm.tif with OSMID: 271110
['../data/clean_data/chm/25GN1_18.tif']
['../data/clean_data/chm/25GN1_18.tif', '../data/clean_data/chm/25GN1_19.tif']
['../data/clean_data/chm/25GN1_18.tif', '../data/clean_data/chm/25GN1_19.tif', '../data/clean_data/chm/25GN1_23.tif']
['../data/clean_data/chm/25GN1_18.tif', '../data/clean_data/chm/25GN1_19.tif', '../data/clean_data/chm/25GN1_23.tif', '../data/clean_data/chm/25GN1_24.tif']
Error processing ../data/clean_data/solar/271110/271110_p_212_2017_05_25_dsm.tif with OSMID: 271110: ../data/clean_data/chm/25GN1_24.tif: No such file or directory
Starting processing for ../data/clean_data/solar/271110/271110_p_183_2017_05_25_dsm.tif with OSMID: 271110
['../data/clean_data/chm/25GZ1_02.tif']
['../data/clean_data/chm/25GZ1_02.tif', '../data/clean_data/chm/25GZ1_03.tif']
['../data/clean_data/chm/25GZ1_02.tif', '../data/clean_data/chm/25GZ1_03.tif', '../data/clean_data/chm/25GN1_22.tif']
['../data/clean_data/chm/25GZ1_02.tif', '../data/clean_data/chm/25GZ1_03.tif', '../data/clean_data/chm/25GN1_22.tif', '../data/clean_data/chm/25GN1_23.tif']
Error processing ../data/clean_data/solar/271110/271110_p_183_2017_05_25_dsm.tif with OSMID: 271110: ../data/clean_data/chm/25GZ1_02.tif: No such file or directory
Starting processing for ../data/clean_data/solar/271110/271110_p_324_2017_05_25_dsm.tif with OSMID: 271110
['../data/clean_data/chm/25HN1_21.tif']
['../data/clean_data/chm/25HN1_21.tif', '../data/clean_data/chm/25HN1_22.tif']
Error processing ../data/clean_data/solar/271110/271110_p_324_2017_05_25_dsm.tif with OSMID: 271110: ../data/clean_data/chm/25HN1_21.tif: No such file or directory
Starting processing for ../data/clean_data/solar/271110/271110_p_402_2022_06_02_dsm.tif with OSMID: 271110
Files already exist. Skipping creation.
Starting processing for ../data/clean_data/solar/271110/271110_p_410_2022_06_02_dsm.tif with OSMID: 271110
Files already exist. Skipping creation.
Starting processing for ../data/clean_data/solar/271110/271110_p_403_2022_06_02_dsm.tif with OSMID: 271110
Files already exist. Skipping creation.
Starting processing for ../data/clean_data/solar/271110/271110_p_416_2022_06_02_dsm.tif with OSMID: 271110
['../data/clean_data/chm/25GZ2_08.tif']
['../data/clean_data/chm/25GZ2_08.tif', '../data/clean_data/chm/25GZ2_09.tif']
['../data/clean_data/chm/25GZ2_08.tif', '../data/clean_data/chm/25GZ2_09.tif', '../data/clean_data/chm/25GZ2_13.tif']
['../data/clean_data/chm/25GZ2_08.tif', '../data/clean_data/chm/25GZ2_09.tif', '../data/clean_data/chm/25GZ2_13.tif', '../data/clean_data/chm/25GZ2_14.tif']
Error processing ../data/clean_data/solar/271110/271110_p_416_2022_06_02_dsm.tif with OSMID: 271110: ../data/clean_data/chm/25GZ2_13.tif: No such file or directory
Starting processing for ../data/clean_data/solar/271110/271110_p_128_2010_01_01_dsm.tif with OSMID: 271110
Files already exist. Skipping creation.
Starting processing for ../data/clean_data/solar/271110/271110_p_160_2022_06_02_dsm.tif with OSMID: 271110
Files already exist. Skipping creation.
Starting processing for ../data/clean_data/solar/271110/271110_p_186_2017_05_25_dsm.tif with OSMID: 271110
Files already exist. Skipping creation.
Starting processing for ../data/clean_data/solar/271110/271110_p_192_2017_05_25_dsm.tif with OSMID: 271110
Files already exist. Skipping creation.
Starting processing for ../data/clean_data/solar/271110/271110_p_197_2010_01_01_dsm.tif with OSMID: 271110
['../data/clean_data/chm/25GZ1_02.tif']
['../data/clean_data/chm/25GZ1_02.tif', '../data/clean_data/chm/25GZ1_03.tif']
['../data/clean_data/chm/25GZ1_02.tif', '../data/clean_data/chm/25GZ1_03.tif', '../data/clean_data/chm/25GN1_22.tif']
['../data/clean_data/chm/25GZ1_02.tif', '../data/clean_data/chm/25GZ1_03.tif', '../data/clean_data/chm/25GN1_22.tif', '../data/clean_data/chm/25GN1_23.tif']
['../data/clean_data/chm/25GZ1_02.tif', '../data/clean_data/chm/25GZ1_03.tif', '../data/clean_data/chm/25GN1_22.tif', '../data/clean_data/chm/25GN1_23.tif', '../data/clean_data/chm/25GN1_24.tif']
Error processing ../data/clean_data/solar/271110/271110_p_197_2010_01_01_dsm.tif with OSMID: 271110: ../data/clean_data/chm/25GZ1_02.tif: No such file or directory
Starting processing for ../data/clean_data/solar/271110/271110_p_312_2022_06_02_dsm.tif with OSMID: 271110
['../data/clean_data/chm/25HN1_11.tif']
['../data/clean_data/chm/25HN1_11.tif', '../data/clean_data/chm/25HN1_16.tif']
['../data/clean_data/chm/25HN1_11.tif', '../data/clean_data/chm/25HN1_16.tif', '../data/clean_data/chm/25GN2_15.tif']
['../data/clean_data/chm/25HN1_11.tif', '../data/clean_data/chm/25HN1_16.tif', '../data/clean_data/chm/25GN2_15.tif', '../data/clean_data/chm/25GN2_20.tif']
Error processing ../data/clean_data/solar/271110/271110_p_312_2022_06_02_dsm.tif with OSMID: 271110: ../data/clean_data/chm/25HN1_11.tif: No such file or directory
Starting processing for ../data/clean_data/solar/271110/271110_p_401_2022_06_02_dsm.tif with OSMID: 271110
['../data/clean_data/chm/25GZ2_11.tif']
['../data/clean_data/chm/25GZ2_11.tif', '../data/clean_data/chm/25GZ2_12.tif']
['../data/clean_data/chm/25GZ2_11.tif', '../data/clean_data/chm/25GZ2_12.tif', '../data/clean_data/chm/25GZ2_16.tif']
['../data/clean_data/chm/25GZ2_11.tif', '../data/clean_data/chm/25GZ2_12.tif', '../data/clean_data/chm/25GZ2_16.tif', '../data/clean_data/chm/25GZ2_17.tif']
Error processing ../data/clean_data/solar/271110/271110_p_401_2022_06_02_dsm.tif with OSMID: 271110: ../data/clean_data/chm/25GZ2_16.tif: No such file or directory
Starting processing for ../data/clean_data/solar/271110/271110_p_115_2010_01_01_dsm.tif with OSMID: 271110
Files already exist. Skipping creation.
Starting processing for ../data/clean_data/solar/271110/271110_p_170_2017_05_25_dsm.tif with OSMID: 271110
Files already exist. Skipping creation.
Starting processing for ../data/clean_data/solar/271110/271110_p_194_2017_05_25_dsm.tif with OSMID: 271110
Files already exist. Skipping creation.
Starting processing for ../data/clean_data/solar/271110/271110_p_198_2017_05_25_dsm.tif with OSMID: 271110
['../data/clean_data/chm/25GN1_18.tif']
['../data/clean_data/chm/25GN1_18.tif', '../data/clean_data/chm/25GN1_19.tif']
['../data/clean_data/chm/25GN1_18.tif', '../data/clean_data/chm/25GN1_19.tif', '../data/clean_data/chm/25GN1_23.tif']
['../data/clean_data/chm/25GN1_18.tif', '../data/clean_data/chm/25GN1_19.tif', '../data/clean_data/chm/25GN1_23.tif', '../data/clean_data/chm/25GN1_24.tif']
Error processing ../data/clean_data/solar/271110/271110_p_198_2017_05_25_dsm.tif with OSMID: 271110: ../data/clean_data/chm/25GN1_24.tif: No such file or directory
Starting processing for ../data/clean_data/solar/271110/271110_p_142_2010_01_01_dsm.tif with OSMID: 271110
Files already exist. Skipping creation.
Starting processing for ../data/clean_data/solar/271110/271110_p_179_2017_05_25_dsm.tif with OSMID: 271110
Files already exist. Skipping creation.
Starting processing for ../data/clean_data/solar/271110/271110_p_187_2017_05_25_dsm.tif with OSMID: 271110
Files already exist. Skipping creation.
Starting processing for ../data/clean_data/solar/271110/271110_p_251_2017_05_25_dsm.tif with OSMID: 271110
Files already exist. Skipping creation.
Starting processing for ../data/clean_data/solar/271110/271110_p_250_2022_06_02_dsm.tif with OSMID: 271110
Files already exist. Skipping creation.
Starting processing for ../data/clean_data/solar/271110/271110_p_274_2022_06_02_dsm.tif with OSMID: 271110
Files already exist. Skipping creation.
Starting processing for ../data/clean_data/solar/271110/271110_p_284_2022_06_02_dsm.tif with OSMID: 271110
['../data/clean_data/chm/25GN2_13.tif']
['../data/clean_data/chm/25GN2_13.tif', '../data/clean_data/chm/25GN2_14.tif']
['../data/clean_data/chm/25GN2_13.tif', '../data/clean_data/chm/25GN2_14.tif', '../data/clean_data/chm/25GN2_18.tif']
['../data/clean_data/chm/25GN2_13.tif', '../data/clean_data/chm/25GN2_14.tif', '../data/clean_data/chm/25GN2_18.tif', '../data/clean_data/chm/25GN2_19.tif']
Error processing ../data/clean_data/solar/271110/271110_p_284_2022_06_02_dsm.tif with OSMID: 271110: ../data/clean_data/chm/25GN2_19.tif: No such file or directory
Starting processing for ../data/clean_data/solar/271110/271110_p_108_2010_01_01_dsm.tif with OSMID: 271110
Files already exist. Skipping creation.
Starting processing for ../data/clean_data/solar/271110/271110_p_135_2010_01_01_dsm.tif with OSMID: 271110
Files already exist. Skipping creation.
Starting processing for ../data/clean_data/solar/271110/271110_p_167_2017_05_25_dsm.tif with OSMID: 271110
Files already exist. Skipping creation.
Starting processing for ../data/clean_data/solar/271110/271110_p_190_2022_06_02_dsm.tif with OSMID: 271110
Files already exist. Skipping creation.
Starting processing for ../data/clean_data/solar/271110/271110_p_229_2022_06_02_dsm.tif with OSMID: 271110
Files already exist. Skipping creation.
Starting processing for ../data/clean_data/solar/271110/271110_p_235_2022_06_02_dsm.tif with OSMID: 271110
Files already exist. Skipping creation.
Starting processing for ../data/clean_data/solar/271110/271110_p_256_2022_06_02_dsm.tif with OSMID: 271110
['../data/clean_data/chm/25GN2_11.tif']
['../data/clean_data/chm/25GN2_11.tif', '../data/clean_data/chm/25GN2_12.tif']
['../data/clean_data/chm/25GN2_11.tif', '../data/clean_data/chm/25GN2_12.tif', '../data/clean_data/chm/25GN2_16.tif']
['../data/clean_data/chm/25GN2_11.tif', '../data/clean_data/chm/25GN2_12.tif', '../data/clean_data/chm/25GN2_16.tif', '../data/clean_data/chm/25GN2_17.tif']
Error processing ../data/clean_data/solar/271110/271110_p_256_2022_06_02_dsm.tif with OSMID: 271110: ../data/clean_data/chm/25GN2_17.tif: No such file or directory
Starting processing for ../data/clean_data/solar/271110/271110_p_104_2010_01_01_dsm.tif with OSMID: 271110
Files already exist. Skipping creation.
Starting processing for ../data/clean_data/solar/271110/271110_p_189_2022_06_02_dsm.tif with OSMID: 271110
Files already exist. Skipping creation.
Starting processing for ../data/clean_data/solar/271110/271110_p_200_2022_06_02_dsm.tif with OSMID: 271110
Files already exist. Skipping creation.
Starting processing for ../data/clean_data/solar/271110/271110_p_220_2022_06_02_dsm.tif with OSMID: 271110
Files already exist. Skipping creation.
Starting processing for ../data/clean_data/solar/271110/271110_p_241_2022_06_02_dsm.tif with OSMID: 271110
Files already exist. Skipping creation.
Starting processing for ../data/clean_data/solar/271110/271110_p_257_2022_06_02_dsm.tif with OSMID: 271110
Files already exist. Skipping creation.
Starting processing for ../data/clean_data/solar/271110/271110_p_249_2022_06_02_dsm.tif with OSMID: 271110
Files already exist. Skipping creation.
Starting processing for ../data/clean_data/solar/271110/271110_p_264_2017_05_25_dsm.tif with OSMID: 271110
Files already exist. Skipping creation.
Starting processing for ../data/clean_data/solar/271110/271110_p_270_2022_06_02_dsm.tif with OSMID: 271110
['../data/clean_data/chm/25GN2_12.tif']
['../data/clean_data/chm/25GN2_12.tif', '../data/clean_data/chm/25GN2_13.tif']
['../data/clean_data/chm/25GN2_12.tif', '../data/clean_data/chm/25GN2_13.tif', '../data/clean_data/chm/25GN2_17.tif']
['../data/clean_data/chm/25GN2_12.tif', '../data/clean_data/chm/25GN2_13.tif', '../data/clean_data/chm/25GN2_17.tif', '../data/clean_data/chm/25GN2_18.tif']
Error processing ../data/clean_data/solar/271110/271110_p_270_2022_06_02_dsm.tif with OSMID: 271110: ../data/clean_data/chm/25GN2_17.tif: No such file or directory
Starting processing for ../data/clean_data/solar/271110/271110_p_94_2010_01_01_dsm.tif with OSMID: 271110
Files already exist. Skipping creation.
Starting processing for ../data/clean_data/solar/271110/271110_p_105_2010_01_01_dsm.tif with OSMID: 271110
Files already exist. Skipping creation.
Starting processing for ../data/clean_data/solar/271110/271110_p_163_2022_06_02_dsm.tif with OSMID: 271110
Files already exist. Skipping creation.
Starting processing for ../data/clean_data/solar/271110/271110_p_168_2017_05_25_dsm.tif with OSMID: 271110
Files already exist. Skipping creation.
Starting processing for ../data/clean_data/solar/271110/271110_p_233_2022_06_02_dsm.tif with OSMID: 271110
Files already exist. Skipping creation.
Starting processing for ../data/clean_data/solar/271110/271110_p_245_2022_06_02_dsm.tif with OSMID: 271110
Files already exist. Skipping creation.
Starting processing for ../data/clean_data/solar/271110/271110_p_272_2022_06_02_dsm.tif with OSMID: 271110
Files already exist. Skipping creation.
Starting processing for ../data/clean_data/solar/271110/271110_p_268_2022_06_02_dsm.tif with OSMID: 271110
['../data/clean_data/chm/25GN2_17.tif']
['../data/clean_data/chm/25GN2_17.tif', '../data/clean_data/chm/25GN2_18.tif']
['../data/clean_data/chm/25GN2_17.tif', '../data/clean_data/chm/25GN2_18.tif', '../data/clean_data/chm/25GN2_22.tif']
['../data/clean_data/chm/25GN2_17.tif', '../data/clean_data/chm/25GN2_18.tif', '../data/clean_data/chm/25GN2_22.tif', '../data/clean_data/chm/25GN2_23.tif']
Error processing ../data/clean_data/solar/271110/271110_p_268_2022_06_02_dsm.tif with OSMID: 271110: ../data/clean_data/chm/25GN2_17.tif: No such file or directory
Starting processing for ../data/clean_data/solar/271110/271110_p_409_2022_06_02_dsm.tif with OSMID: 271110
['../data/clean_data/chm/25GZ2_07.tif']
['../data/clean_data/chm/25GZ2_07.tif', '../data/clean_data/chm/25GZ2_08.tif']
['../data/clean_data/chm/25GZ2_07.tif', '../data/clean_data/chm/25GZ2_08.tif', '../data/clean_data/chm/25GZ2_12.tif']
['../data/clean_data/chm/25GZ2_07.tif', '../data/clean_data/chm/25GZ2_08.tif', '../data/clean_data/chm/25GZ2_12.tif', '../data/clean_data/chm/25GZ2_13.tif']
Error processing ../data/clean_data/solar/271110/271110_p_409_2022_06_02_dsm.tif with OSMID: 271110: ../data/clean_data/chm/25GZ2_13.tif: No such file or directory
Found 173 building files
